{
  "RSpec": {
    "coverage": {
      "/Users/akshitmeghawat/Documents/LandSurveyor/lib/LandSurveyor.rb": [
        1
      ],
      "/Users/akshitmeghawat/Documents/LandSurveyor/lib/LandSurveyor/robot.rb": [
        null,
        null,
        1,
        null,
        1,
        10,
        10,
        10,
        null,
        null,
        1,
        4,
        null,
        null,
        1,
        2,
        null,
        null,
        1,
        3,
        null,
        null,
        1,
        1,
        null,
        1,
        null,
        0,
        null,
        0,
        null,
        0,
        null,
        null,
        null,
        1,
        1,
        null,
        1,
        null,
        0,
        null,
        0,
        null,
        0,
        null,
        null,
        null,
        1,
        4,
        null,
        1,
        null,
        1,
        null,
        1,
        null,
        1,
        null,
        null,
        null,
        null
      ]
    },
    "timestamp": 1423115037
  }
}
